.\Debug\CS580HW5.ilk
.\Debug\CS580HW5.pdb
E:\学习\USC\Books\MyBooks\580 3D Graphics_Homework\MyHomework\HW6\HW5\.\Debug\CS580HW5.exe
E:\学习\USC\Books\MyBooks\580 3D Graphics_Homework\MyHomework\HW6\HW5\.\Debug\CS580HW5.exe.intermediate.manifest
E:\学习\USC\BOOKS\MYBOOKS\580 3D GRAPHICS_HOMEWORK\MYHOMEWORK\HW6\HW5\DEBUG\APPLICATION.OBJ
E:\学习\USC\BOOKS\MYBOOKS\580 3D GRAPHICS_HOMEWORK\MYHOMEWORK\HW6\HW5\DEBUG\APPLICATION5.OBJ
E:\学习\USC\Books\MyBooks\580 3D Graphics_Homework\MyHomework\HW6\HW5\Debug\cl.command.1.tlog
E:\学习\USC\Books\MyBooks\580 3D Graphics_Homework\MyHomework\HW6\HW5\Debug\CL.read.1.tlog
E:\学习\USC\Books\MyBooks\580 3D Graphics_Homework\MyHomework\HW6\HW5\Debug\CL.write.1.tlog
E:\学习\USC\BOOKS\MYBOOKS\580 3D GRAPHICS_HOMEWORK\MYHOMEWORK\HW6\HW5\DEBUG\CS580HW.OBJ
E:\学习\USC\BOOKS\MYBOOKS\580 3D GRAPHICS_HOMEWORK\MYHOMEWORK\HW6\HW5\DEBUG\CS580HW.RES
E:\学习\USC\BOOKS\MYBOOKS\580 3D GRAPHICS_HOMEWORK\MYHOMEWORK\HW6\HW5\DEBUG\CS580HW5.EXE
E:\学习\USC\BOOKS\MYBOOKS\580 3D GRAPHICS_HOMEWORK\MYHOMEWORK\HW6\HW5\DEBUG\CS580HW5.EXE.EMBED.MANIFEST
E:\学习\USC\BOOKS\MYBOOKS\580 3D GRAPHICS_HOMEWORK\MYHOMEWORK\HW6\HW5\DEBUG\CS580HW5.EXE.EMBED.MANIFEST.RES
E:\学习\USC\BOOKS\MYBOOKS\580 3D GRAPHICS_HOMEWORK\MYHOMEWORK\HW6\HW5\DEBUG\CS580HW5.EXE.INTERMEDIATE.MANIFEST
E:\学习\USC\BOOKS\MYBOOKS\580 3D GRAPHICS_HOMEWORK\MYHOMEWORK\HW6\HW5\DEBUG\CS580HW5.ILK
E:\学习\USC\BOOKS\MYBOOKS\580 3D GRAPHICS_HOMEWORK\MYHOMEWORK\HW6\HW5\DEBUG\CS580HW5.PCH
E:\学习\USC\BOOKS\MYBOOKS\580 3D GRAPHICS_HOMEWORK\MYHOMEWORK\HW6\HW5\DEBUG\CS580HW5.PDB
E:\学习\USC\Books\MyBooks\580 3D Graphics_Homework\MyHomework\HW6\HW5\Debug\CS580HW5.write.1.tlog
E:\学习\USC\Books\MyBooks\580 3D Graphics_Homework\MyHomework\HW6\HW5\Debug\CS580HW5_manifest.rc
E:\学习\USC\BOOKS\MYBOOKS\580 3D GRAPHICS_HOMEWORK\MYHOMEWORK\HW6\HW5\DEBUG\CS580HWDOC.OBJ
E:\学习\USC\BOOKS\MYBOOKS\580 3D GRAPHICS_HOMEWORK\MYHOMEWORK\HW6\HW5\DEBUG\CS580HWVIEW.OBJ
E:\学习\USC\BOOKS\MYBOOKS\580 3D GRAPHICS_HOMEWORK\MYHOMEWORK\HW6\HW5\DEBUG\DISP.OBJ
E:\学习\USC\Books\MyBooks\580 3D Graphics_Homework\MyHomework\HW6\HW5\Debug\link.command.1.tlog
E:\学习\USC\Books\MyBooks\580 3D Graphics_Homework\MyHomework\HW6\HW5\Debug\link.read.1.tlog
E:\学习\USC\Books\MyBooks\580 3D Graphics_Homework\MyHomework\HW6\HW5\Debug\link.write.1.tlog
E:\学习\USC\Books\MyBooks\580 3D Graphics_Homework\MyHomework\HW6\HW5\Debug\link-cvtres.read.1.tlog
E:\学习\USC\Books\MyBooks\580 3D Graphics_Homework\MyHomework\HW6\HW5\Debug\link-cvtres.write.1.tlog
E:\学习\USC\BOOKS\MYBOOKS\580 3D GRAPHICS_HOMEWORK\MYHOMEWORK\HW6\HW5\DEBUG\MAINFRM.OBJ
E:\学习\USC\Books\MyBooks\580 3D Graphics_Homework\MyHomework\HW6\HW5\Debug\mt.command.1.tlog
E:\学习\USC\Books\MyBooks\580 3D Graphics_Homework\MyHomework\HW6\HW5\Debug\mt.read.1.tlog
E:\学习\USC\Books\MyBooks\580 3D Graphics_Homework\MyHomework\HW6\HW5\Debug\mt.write.1.tlog
E:\学习\USC\Books\MyBooks\580 3D Graphics_Homework\MyHomework\HW6\HW5\Debug\rc.command.1.tlog
E:\学习\USC\Books\MyBooks\580 3D Graphics_Homework\MyHomework\HW6\HW5\Debug\rc.read.1.tlog
E:\学习\USC\Books\MyBooks\580 3D Graphics_Homework\MyHomework\HW6\HW5\Debug\rc.write.1.tlog
E:\学习\USC\BOOKS\MYBOOKS\580 3D GRAPHICS_HOMEWORK\MYHOMEWORK\HW6\HW5\DEBUG\REND.OBJ
E:\学习\USC\BOOKS\MYBOOKS\580 3D GRAPHICS_HOMEWORK\MYHOMEWORK\HW6\HW5\DEBUG\ROTATEDLG.OBJ
E:\学习\USC\BOOKS\MYBOOKS\580 3D GRAPHICS_HOMEWORK\MYHOMEWORK\HW6\HW5\DEBUG\SCALEDLG.OBJ
E:\学习\USC\BOOKS\MYBOOKS\580 3D GRAPHICS_HOMEWORK\MYHOMEWORK\HW6\HW5\DEBUG\STDAFX.OBJ
E:\学习\USC\BOOKS\MYBOOKS\580 3D GRAPHICS_HOMEWORK\MYHOMEWORK\HW6\HW5\DEBUG\TEX_FUN.OBJ
E:\学习\USC\BOOKS\MYBOOKS\580 3D GRAPHICS_HOMEWORK\MYHOMEWORK\HW6\HW5\DEBUG\TRANSLATEDLG.OBJ
E:\学习\USC\Books\MyBooks\580 3D Graphics_Homework\MyHomework\HW6\HW5\Debug\vc100.idb
E:\学习\USC\BOOKS\MYBOOKS\580 3D GRAPHICS_HOMEWORK\MYHOMEWORK\HW6\HW5\DEBUG\VC100.PDB
